# JRE version: Java(TM) SE Runtime Environment 18.9 (11.0.12+8) (build 11.0.12+8-LTS-237)
# Java VM: Java HotSpot(TM) 64-Bit Server VM 18.9 (11.0.12+8-LTS-237, mixed mode, tiered, compressed oops, g1 gc, windows-amd64)
Heap:
 garbage-first heap   total 78848K, used 49629K [0x0000000081e00000, 0x0000000100000000)
  region size 1024K, 18 young (18432K), 2 survivors (2048K)
 Metaspace       used 75883K, capacity 78559K, committed 80768K, reserved 1118208K
  class space    used 10002K, capacity 11018K, committed 11392K, reserved 1048576K
GC Heap History (10 events):
Event: 20034.659 GC heap before
{Heap before GC invocations=183 (full 4):
 garbage-first heap   total 78848K, used 67455K [0x0000000081e00000, 0x0000000100000000)
  region size 1024K, 34 young (34816K), 1 survivors (1024K)
 Metaspace       used 75864K, capacity 78544K, committed 80768K, reserved 1118208K
  class space    used 10001K, capacity 11019K, committed 11392K, reserved 1048576K
}
Event: 20034.663 GC heap after
{Heap after GC invocations=184 (full 4):
 garbage-first heap   total 78848K, used 33683K [0x0000000081e00000, 0x0000000100000000)
  region size 1024K, 1 young (1024K), 1 survivors (1024K)
 Metaspace       used 75864K, capacity 78544K, committed 80768K, reserved 1118208K
  class space    used 10001K, capacity 11019K, committed 11392K, reserved 1048576K
}
Event: 20043.307 GC heap before
{Heap before GC invocations=185 (full 4):
 garbage-first heap   total 78848K, used 66451K [0x0000000081e00000, 0x0000000100000000)
  region size 1024K, 34 young (34816K), 1 survivors (1024K)
 Metaspace       used 75851K, capacity 78523K, committed 80768K, reserved 1118208K
  class space    used 9997K, capacity 11012K, committed 11392K, reserved 1048576K
}
Event: 20043.309 GC heap after
{Heap after GC invocations=186 (full 4):
 garbage-first heap   total 78848K, used 33670K [0x0000000081e00000, 0x0000000100000000)
  region size 1024K, 1 young (1024K), 1 survivors (1024K)
 Metaspace       used 75851K, capacity 78523K, committed 80768K, reserved 1118208K
  class space    used 9997K, capacity 11012K, committed 11392K, reserved 1048576K
}
Event: 20043.928 GC heap before
{Heap before GC invocations=186 (full 4):
 garbage-first heap   total 78848K, used 34694K [0x0000000081e00000, 0x0000000100000000)
  region size 1024K, 3 young (3072K), 1 survivors (1024K)
 Metaspace       used 75851K, capacity 78523K, committed 80768K, reserved 1118208K
  class space    used 9997K, capacity 11012K, committed 11392K, reserved 1048576K
}
Event: 20043.931 GC heap after
{Heap after GC invocations=187 (full 4):
 garbage-first heap   total 78848K, used 33104K [0x0000000081e00000, 0x0000000100000000)
  region size 1024K, 1 young (1024K), 1 survivors (1024K)
 Metaspace       used 75851K, capacity 78523K, committed 80768K, reserved 1118208K
  class space    used 9997K, capacity 11012K, committed 11392K, reserved 1048576K
}
Event: 20058.935 GC heap before
{Heap before GC invocations=187 (full 4):
 garbage-first heap   total 78848K, used 66896K [0x0000000081e00000, 0x0000000100000000)
  region size 1024K, 34 young (34816K), 1 survivors (1024K)
 Metaspace       used 75851K, capacity 78523K, committed 80768K, reserved 1118208K
  class space    used 9997K, capacity 11012K, committed 11392K, reserved 1048576K
}
Event: 20058.937 GC heap after
{Heap after GC invocations=188 (full 4):
 garbage-first heap   total 78848K, used 33239K [0x0000000081e00000, 0x0000000100000000)
  region size 1024K, 1 young (1024K), 1 survivors (1024K)
 Metaspace       used 75851K, capacity 78523K, committed 80768K, reserved 1118208K
  class space    used 9997K, capacity 11012K, committed 11392K, reserved 1048576K
}
Event: 20089.379 GC heap before
{Heap before GC invocations=189 (full 4):
 garbage-first heap   total 78848K, used 66007K [0x0000000081e00000, 0x0000000100000000)
  region size 1024K, 34 young (34816K), 1 survivors (1024K)
 Metaspace       used 75860K, capacity 78523K, committed 80768K, reserved 1118208K
  class space    used 9999K, capacity 11012K, committed 11392K, reserved 1048576K
}
Event: 20089.381 GC heap after
{Heap after GC invocations=190 (full 4):
 garbage-first heap   total 78848K, used 34269K [0x0000000081e00000, 0x0000000100000000)
  region size 1024K, 2 young (2048K), 2 survivors (2048K)
 Metaspace       used 75860K, capacity 78523K, committed 80768K, reserved 1118208K
  class space    used 9999K, capacity 11012K, committed 11392K, reserved 1048576K
}

